#
# There is insufficient memory for the Java Runtime Environment to continue.
# Native memory allocation (mmap) failed to map 65011712 bytes for Failed to commit area from 0x00000000c2000000 to 0x00000000c5e00000 of length 65011712.
# Possible reasons:
#   The system is out of physical RAM or swap space
#   The process is running with CompressedOops enabled, and the Java Heap may be blocking the growth of the native heap
# Possible solutions:
#   Reduce memory load on the system
#   Increase physical memory or swap space
#   Check if swap backing store is full
#   Decrease Java heap size (-Xmx/-Xms)
#   Decrease number of Java threads
#   Decrease Java thread stack sizes (-Xss)
#   Set larger code cache with -XX:ReservedCodeCacheSize=
# This output file may be truncated or incomplete.
#
#  Out of Memory Error (./src/hotspot/os/windows/os_windows.cpp:3311), pid=5100, tid=5344
#
# JRE version:  (11.0.12+7) (build )
# Java VM: OpenJDK 64-Bit Server VM (11.0.12+7, mixed mode, sharing, tiered, compressed oops, g1 gc, windows-amd64)
# No core dump will be written. Minidumps are not enabled by default on client versions of Windows
#

---------------  S U M M A R Y ------------

Command Line: C:\Users\3C8A~1\AppData\Local\Temp\surefire11815202256814836959\surefirebooter9156849909505936116.jar C:\Users\Иван\AppData\Local\Temp\surefire11815202256814836959 2021-12-23T12-06-33_802-jvmRun1 surefire1948847443943827358tmp surefire_017011795646053469715tmp

Host: Intel(R) Core(TM) i5-3320M CPU @ 2.60GHz, 4 cores, 3G,  Windows 10 , 64 bit Build 19041 (10.0.19041.1348)
Time: Thu Dec 23 12:06:42 2021 RTZ 2 (зима) elapsed time: 0.211026 seconds (0d 0h 0m 0s)

---------------  T H R E A D  ---------------

Current thread (0x000001cdb7267800):  JavaThread "Unknown thread" [_thread_in_vm, id=5344, stack(0x0000001ba4e00000,0x0000001ba4f00000)]

Stack: [0x0000001ba4e00000,0x0000001ba4f00000]
Native frames: (J=compiled Java code, j=interpreted, Vv=VM code, C=native code)
V  [jvm.dll+0x601d0a]
V  [jvm.dll+0x78ab6e]
V  [jvm.dll+0x78c23f]
V  [jvm.dll+0x78c903]
V  [jvm.dll+0x24be68]
V  [jvm.dll+0x5feeaa]
V  [jvm.dll+0x5f3965]
V  [jvm.dll+0x303b0c]
V  [jvm.dll+0x303992]
V  [jvm.dll+0x3086b6]
V  [jvm.dll+0x34d57f]
V  [jvm.dll+0x34cfb0]
V  [jvm.dll+0x2e0c18]
V  [jvm.dll+0x2e1d76]
V  [jvm.dll+0x765ef7]
V  [jvm.dll+0x76767f]
V  [jvm.dll+0x35a309]
V  [jvm.dll+0x748f80]
V  [jvm.dll+0x3c1f3f]
V  [jvm.dll+0x3c4411]
C  [jli.dll+0x5207]
C  [ucrtbase.dll+0x21bb2]
C  [KERNEL32.DLL+0x17034]
C  [ntdll.dll+0x52651]


---------------  P R O C E S S  ---------------

Threads class SMR info:
_java_thread_list=0x000001cdb57e0bd0, length=0, elements={
}

Java Threads: ( => current thread )

Other Threads:
  0x000001cdb7281800 GCTaskThread "GC Thread#0" [stack: 0x0000001ba4f00000,0x0000001ba5000000] [id=12392]
  0x000001cdb729c000 ConcurrentGCThread "G1 Main Marker" [stack: 0x0000001ba5000000,0x0000001ba5100000] [id=9612]
  0x000001cdb729e000 ConcurrentGCThread "G1 Conc#0" [stack: 0x0000001ba5100000,0x0000001ba5200000] [id=6268]

[error occurred during error reporting (printing all threads), id 0xc0000005, EXCEPTION_ACCESS_VIOLATION (0xc0000005) at pc=0x00007ffcaf8402e7]

VM state:not at safepoint (not fully initialized)

VM Mutex/Monitor currently owned by a thread:  ([mutex/lock_event])
[0x000001cdb7264a00] Heap_lock - owner thread: 0x000001cdb7267800

Heap address: 0x00000000c2000000, size: 992 MB, Compressed Oops mode: Non-zero based: 0x00000000c2000000
Narrow klass base: 0x0000000000000000, Narrow klass shift: 0

GC Heap History (0 events):
No events

Deoptimization events (0 events):
No events

Classes redefined (0 events):
No events

Internal exceptions (0 events):
No events

Events (1 events):
Event: 0.102 Loaded shared library C:\Program Files\Eclipse Foundation\jdk-11.0.12.7-hotspot\bin\zip.dll


Dynamic libraries:
0x00007ff7c9400000 - 0x00007ff7c940d000 	C:\Program Files\Eclipse Foundation\jdk-11.0.12.7-hotspot\bin\java.exe
0x00007ffcecdd0000 - 0x00007ffcecfc5000 	C:\Windows\SYSTEM32\ntdll.dll
0x00007ffceb2c0000 - 0x00007ffceb37e000 	C:\Windows\System32\KERNEL32.DLL
0x00007ffcea950000 - 0x00007ffceac18000 	C:\Windows\System32\KERNELBASE.dll
0x00007ffcea5d0000 - 0x00007ffcea6d0000 	C:\Windows\System32\ucrtbase.dll
0x00007ffcdb5c0000 - 0x00007ffcdb5d7000 	C:\Program Files\Eclipse Foundation\jdk-11.0.12.7-hotspot\bin\jli.dll
0x00007ffce3d40000 - 0x00007ffce3d55000 	C:\Program Files\Eclipse Foundation\jdk-11.0.12.7-hotspot\bin\VCRUNTIME140.dll
0x00007ffcec390000 - 0x00007ffcec531000 	C:\Windows\System32\USER32.dll
0x00007ffcd7d90000 - 0x00007ffcd802a000 	C:\Windows\WinSxS\amd64_microsoft.windows.common-controls_6595b64144ccf1df_6.0.19041.1110_none_60b5254171f9507e\COMCTL32.dll
0x00007ffceac20000 - 0x00007ffceac42000 	C:\Windows\System32\win32u.dll
0x00007ffcec540000 - 0x00007ffcec5de000 	C:\Windows\System32\msvcrt.dll
0x00007ffceae10000 - 0x00007ffceae3b000 	C:\Windows\System32\GDI32.dll
0x00007ffcea790000 - 0x00007ffcea89d000 	C:\Windows\System32\gdi32full.dll
0x00007ffcea530000 - 0x00007ffcea5cd000 	C:\Windows\System32\msvcp_win.dll
0x00007ffcec5e0000 - 0x00007ffcec610000 	C:\Windows\System32\IMM32.DLL
0x00007ffcc2de0000 - 0x00007ffcc2e7b000 	C:\Program Files\Eclipse Foundation\jdk-11.0.12.7-hotspot\bin\msvcp140.dll
0x00007ffcaf550000 - 0x00007ffcb00a9000 	C:\Program Files\Eclipse Foundation\jdk-11.0.12.7-hotspot\bin\server\jvm.dll
0x00007ffcec730000 - 0x00007ffcec7dc000 	C:\Windows\System32\ADVAPI32.dll
0x00007ffcec2f0000 - 0x00007ffcec38b000 	C:\Windows\System32\sechost.dll
0x00007ffceb190000 - 0x00007ffceb2ba000 	C:\Windows\System32\RPCRT4.dll
0x00007ffcec610000 - 0x00007ffcec618000 	C:\Windows\System32\PSAPI.DLL
0x00007ffce3ad0000 - 0x00007ffce3ad9000 	C:\Windows\SYSTEM32\WSOCK32.dll
0x00007ffcd82d0000 - 0x00007ffcd82f7000 	C:\Windows\SYSTEM32\WINMM.dll
0x00007ffcd7710000 - 0x00007ffcd771a000 	C:\Windows\SYSTEM32\VERSION.dll
0x00007ffceb530000 - 0x00007ffceb59b000 	C:\Windows\System32\WS2_32.dll
0x00007ffce8d60000 - 0x00007ffce8d72000 	C:\Windows\SYSTEM32\kernel.appcore.dll
0x00007ffce50f0000 - 0x00007ffce5100000 	C:\Program Files\Eclipse Foundation\jdk-11.0.12.7-hotspot\bin\verify.dll
0x00007ffcd65f0000 - 0x00007ffcd67d4000 	C:\Windows\SYSTEM32\DBGHELP.DLL
0x00007ffcd65c0000 - 0x00007ffcd65ec000 	C:\Windows\SYSTEM32\dbgcore.DLL
0x00007ffcea6d0000 - 0x00007ffcea752000 	C:\Windows\System32\bcryptPrimitives.dll
0x00007ffcdb590000 - 0x00007ffcdb5b8000 	C:\Program Files\Eclipse Foundation\jdk-11.0.12.7-hotspot\bin\java.dll
0x00007ffce50d0000 - 0x00007ffce50da000 	C:\Program Files\Eclipse Foundation\jdk-11.0.12.7-hotspot\bin\jimage.dll
0x00007ffcdb570000 - 0x00007ffcdb587000 	C:\Program Files\Eclipse Foundation\jdk-11.0.12.7-hotspot\bin\zip.dll

dbghelp: loaded successfully - version: 4.0.5 - missing functions: none
symbol engine: initialized successfully - sym options: 0x614 - pdb path: .;C:\Program Files\Eclipse Foundation\jdk-11.0.12.7-hotspot\bin;C:\Windows\SYSTEM32;C:\Windows\WinSxS\amd64_microsoft.windows.common-controls_6595b64144ccf1df_6.0.19041.1110_none_60b5254171f9507e;C:\Program Files\Eclipse Foundation\jdk-11.0.12.7-hotspot\bin\server

VM Arguments:
java_command: C:\Users\3C8A~1\AppData\Local\Temp\surefire11815202256814836959\surefirebooter9156849909505936116.jar C:\Users\Иван\AppData\Local\Temp\surefire11815202256814836959 2021-12-23T12-06-33_802-jvmRun1 surefire1948847443943827358tmp surefire_017011795646053469715tmp
java_class_path (initial): C:\Users\3C8A~1\AppData\Local\Temp\surefire11815202256814836959\surefirebooter9156849909505936116.jar
Launcher Type: SUN_STANDARD

[Global flags]
     intx CICompilerCount                          = 3                                         {product} {ergonomic}
     uint ConcGCThreads                            = 1                                         {product} {ergonomic}
     uint G1ConcRefinementThreads                  = 4                                         {product} {ergonomic}
   size_t G1HeapRegionSize                         = 1048576                                   {product} {ergonomic}
    uintx GCDrainStackTargetSize                   = 64                                        {product} {ergonomic}
   size_t InitialHeapSize                          = 65011712                                  {product} {ergonomic}
   size_t MarkStackSize                            = 4194304                                   {product} {ergonomic}
   size_t MaxHeapSize                              = 1040187392                                {product} {ergonomic}
   size_t MinHeapDeltaBytes                        = 1048576                                   {product} {ergonomic}
    uintx NonNMethodCodeHeapSize                   = 5830732                                {pd product} {ergonomic}
    uintx NonProfiledCodeHeapSize                  = 122913754                              {pd product} {ergonomic}
    uintx ProfiledCodeHeapSize                     = 122913754                              {pd product} {ergonomic}
    uintx ReservedCodeCacheSize                    = 251658240                              {pd product} {ergonomic}
     bool SegmentedCodeCache                       = true                                      {product} {ergonomic}
     bool UseCompressedClassPointers               = true                                 {lp64_product} {ergonomic}
     bool UseCompressedOops                        = true                                 {lp64_product} {ergonomic}
     bool UseG1GC                                  = true                                      {product} {ergonomic}
     bool UseLargePagesIndividualAllocation        = false                                  {pd product} {ergonomic}

Logging:
Log output configuration:
 #0: stdout all=warning uptime,level,tags
 #1: stderr all=off uptime,level,tags

Environment Variables:
PATH=C:\Program Files\Eclipse Foundation\jdk-11.0.12.7-hotspot\bin;C:\Windows\system32;C:\Windows;C:\Windows\System32\Wbem;C:\Windows\System32\WindowsPowerShell\v1.0\;C:\Windows\System32\OpenSSH\;C:\Users\Иван\AppData\Local\Microsoft\WindowsApps;C:\Users\Иван\AppData\Local\Programs\Git\cmd;C:\Users\Иван\AppData\Local\Programs\Microsoft VS Code\bin
USERNAME=Иван
OS=Windows_NT
PROCESSOR_IDENTIFIER=Intel64 Family 6 Model 58 Stepping 9, GenuineIntel



---------------  S Y S T E M  ---------------

OS: Windows 10 , 64 bit Build 19041 (10.0.19041.1348)
OS uptime: 3 days 21:01 hours

CPU:total 4 (initial active 4) (2 cores per cpu, 2 threads per core) family 6 model 58 stepping 9 microcode 0x21, cmov, cx8, fxsr, mmx, sse, sse2, sse3, ssse3, sse4.1, sse4.2, popcnt, avx, aes, clmul, erms, ht, tsc, tscinvbit, tscinv

Memory: 4k page, system-wide physical 3961M (420M free)
TotalPageFile size 5261M (AvailPageFile size 27M)
current process WorkingSet (physical memory assigned to process): 9M, peak: 9M
current process commit charge ("private bytes"): 51M, peak: 113M

vm_info: OpenJDK 64-Bit Server VM (11.0.12+7) for windows-amd64 JRE (11.0.12+7), built on Jul 21 2021 16:23:49 by "" with unknown MS VC++:1916

END.
